Virtual User Script started at : 30.08.2017 11:42:47
Starting action vuser_init.
Web Turbo Replay of LoadRunner 12.53.0 for Windows 7; build 1203 (рту 30 2017 19:13:20)  	[MsgId: MMSG-26983]
Run mode: HTML  	[MsgId: MMSG-26993]
Replay user agent: Mozilla/5.0 (Windows NT 6.1; WOW64; Trident/7.0; rv:11.0) like Gecko  	[MsgId: MMSG-26988]
Run-Time Settings file: "E:\Users\Keanu\work\webtour\scripts\webtour_03_register_new_accounts\\default.cfg"  	[MsgId: MMSG-27141]
../../data/libs/login.c(2): web_reg_save_param_regexp started  	[MsgId: MMSG-26355]
../../data/libs/login.c(2): Registering web_reg_save_param_regexp was successful  	[MsgId: MMSG-26390]
../../data/libs/login.c(11): web_url("WebTours") started  	[MsgId: MMSG-26355]
../../data/libs/login.c(11): Redirecting "http://localhost:1080/WebTours" (redirection depth is 0)  	[MsgId: MMSG-26694]
../../data/libs/login.c(11): To location "http://localhost:1080/WebTours/"  	[MsgId: MMSG-26693]
../../data/libs/login.c(11): Detected non-resource "http://localhost:1080/WebTours/header.html" in "http://localhost:1080/WebTours/"  	[MsgId: MMSG-26574]
../../data/libs/login.c(11): Detected non-resource "http://localhost:1080/cgi-bin/welcome.pl?signOff=true" in "http://localhost:1080/WebTours/"  	[MsgId: MMSG-26574]
../../data/libs/login.c(11): Found resource "http://localhost:1080/WebTours/images/hp_logo.png" in HTML "http://localhost:1080/WebTours/header.html"  	[MsgId: MMSG-26659]
../../data/libs/login.c(11): Found resource "http://localhost:1080/WebTours/images/webtours.png" in HTML "http://localhost:1080/WebTours/header.html"  	[MsgId: MMSG-26659]
../../data/libs/login.c(11): Detected non-resource "http://localhost:1080/cgi-bin/nav.pl?in=home" in "http://localhost:1080/cgi-bin/welcome.pl?signOff=true"  	[MsgId: MMSG-26574]
../../data/libs/login.c(11): Detected non-resource "http://localhost:1080/WebTours/home.html" in "http://localhost:1080/cgi-bin/welcome.pl?signOff=true"  	[MsgId: MMSG-26574]
../../data/libs/login.c(11): Found resource "http://localhost:1080/WebTours/images/mer_login.gif" in HTML "http://localhost:1080/cgi-bin/nav.pl?in=home"  	[MsgId: MMSG-26659]
../../data/libs/login.c(11): web_url("WebTours") was successful, 10319 body bytes, 2683 header bytes, 24 chunking overhead bytes  	[MsgId: MMSG-26385]
../../data/libs/login.c(21): web_url("header.html") started  	[MsgId: MMSG-26355]
../../data/libs/login.c(21): Retrieving data from cache for "http://localhost:1080/WebTours/header.html"  	[MsgId: MMSG-26558]
../../data/libs/login.c(21): Resource "http://localhost:1080/WebTours/images/hp_logo.png" is in the cache already and will not be downloaded again  	[MsgId: MMSG-26655]
../../data/libs/login.c(21): Resource "http://localhost:1080/WebTours/images/webtours.png" is in the cache already and will not be downloaded again  	[MsgId: MMSG-26655]
../../data/libs/login.c(21): web_url("header.html") was successful, 0 body bytes, 0 header bytes  	[MsgId: MMSG-26386]
Ending action vuser_init.
Running Vuser...
Starting iteration 1.
Warning -27077: The "vuser_init" section contains web function(s) when the "Simulate a new user on each iteration" Run-Time Setting is ON.  This may produce unpredictable results with multiple iterations  	[MsgId: MWAR-27077]
Maximum number of concurrent connections per server: 6  	[MsgId: MMSG-26989]
Starting action Action.
Action.c(3): web_url("login.pl") started  	[MsgId: MMSG-26355]
Action.c(3): Found resource "http://localhost:1080/WebTours/profileValidate.js" in HTML "http://localhost:1080/cgi-bin/login.pl?username=&password=&getInfo=true"  	[MsgId: MMSG-26659]
Action.c(3): Found resource "http://localhost:1080/WebTours/images/button_next.gif" in HTML "http://localhost:1080/cgi-bin/login.pl?username=&password=&getInfo=true"  	[MsgId: MMSG-26659]
Action.c(3): web_url("login.pl") was successful, 14475 body bytes, 838 header bytes, 12 chunking overhead bytes  	[MsgId: MMSG-26385]
Action.c(12): web_submit_data("login.pl_2") started  	[MsgId: MMSG-26355]
Action.c(12): Resource "http://localhost:1080/WebTours/profileValidate.js" is in the cache already and will not be downloaded again  	[MsgId: MMSG-26655]
Action.c(12): Resource "http://localhost:1080/WebTours/images/button_next.gif" is in the cache already and will not be downloaded again  	[MsgId: MMSG-26655]
Action.c(12): web_submit_data("login.pl_2") was successful, 2664 body bytes, 228 header bytes, 12 chunking overhead bytes  	[MsgId: MMSG-26385]
Ending action Action.
Ending iteration 1.
Starting iteration 2.
Starting action Action.
Action.c(3): web_url("login.pl") started  	[MsgId: MMSG-26355]
Action.c(3): Found resource "http://localhost:1080/WebTours/profileValidate.js" in HTML "http://localhost:1080/cgi-bin/login.pl?username=&password=&getInfo=true"  	[MsgId: MMSG-26659]
Action.c(3): Found resource "http://localhost:1080/WebTours/images/button_next.gif" in HTML "http://localhost:1080/cgi-bin/login.pl?username=&password=&getInfo=true"  	[MsgId: MMSG-26659]
Action.c(3): web_url("login.pl") was successful, 14475 body bytes, 841 header bytes, 12 chunking overhead bytes  	[MsgId: MMSG-26385]
Action.c(12): web_submit_data("login.pl_2") started  	[MsgId: MMSG-26355]
Action.c(12): Resource "http://localhost:1080/WebTours/profileValidate.js" is in the cache already and will not be downloaded again  	[MsgId: MMSG-26655]
Action.c(12): Resource "http://localhost:1080/WebTours/images/button_next.gif" is in the cache already and will not be downloaded again  	[MsgId: MMSG-26655]
Action.c(12): web_submit_data("login.pl_2") was successful, 2667 body bytes, 228 header bytes, 12 chunking overhead bytes  	[MsgId: MMSG-26385]
Ending action Action.
Ending iteration 2.
Starting iteration 3.
Starting action Action.
Action.c(3): web_url("login.pl") started  	[MsgId: MMSG-26355]
Action.c(3): Found resource "http://localhost:1080/WebTours/profileValidate.js" in HTML "http://localhost:1080/cgi-bin/login.pl?username=&password=&getInfo=true"  	[MsgId: MMSG-26659]
Action.c(3): Found resource "http://localhost:1080/WebTours/images/button_next.gif" in HTML "http://localhost:1080/cgi-bin/login.pl?username=&password=&getInfo=true"  	[MsgId: MMSG-26659]
Action.c(3): web_url("login.pl") was successful, 14475 body bytes, 841 header bytes, 12 chunking overhead bytes  	[MsgId: MMSG-26385]
Action.c(12): web_submit_data("login.pl_2") started  	[MsgId: MMSG-26355]
Action.c(12): Resource "http://localhost:1080/WebTours/profileValidate.js" is in the cache already and will not be downloaded again  	[MsgId: MMSG-26655]
Action.c(12): Resource "http://localhost:1080/WebTours/images/button_next.gif" is in the cache already and will not be downloaded again  	[MsgId: MMSG-26655]
Action.c(12): web_submit_data("login.pl_2") was successful, 2667 body bytes, 228 header bytes, 12 chunking overhead bytes  	[MsgId: MMSG-26385]
Ending action Action.
Ending iteration 3.
Starting iteration 4.
Starting action Action.
Action.c(3): web_url("login.pl") started  	[MsgId: MMSG-26355]
Action.c(3): Found resource "http://localhost:1080/WebTours/profileValidate.js" in HTML "http://localhost:1080/cgi-bin/login.pl?username=&password=&getInfo=true"  	[MsgId: MMSG-26659]
Action.c(3): Found resource "http://localhost:1080/WebTours/images/button_next.gif" in HTML "http://localhost:1080/cgi-bin/login.pl?username=&password=&getInfo=true"  	[MsgId: MMSG-26659]
Action.c(3): web_url("login.pl") was successful, 14475 body bytes, 841 header bytes, 12 chunking overhead bytes  	[MsgId: MMSG-26385]
Action.c(12): web_submit_data("login.pl_2") started  	[MsgId: MMSG-26355]
Action.c(12): Resource "http://localhost:1080/WebTours/profileValidate.js" is in the cache already and will not be downloaded again  	[MsgId: MMSG-26655]
Action.c(12): Resource "http://localhost:1080/WebTours/images/button_next.gif" is in the cache already and will not be downloaded again  	[MsgId: MMSG-26655]
Action.c(12): web_submit_data("login.pl_2") was successful, 2667 body bytes, 228 header bytes, 12 chunking overhead bytes  	[MsgId: MMSG-26385]
Ending action Action.
Ending iteration 4.
Starting iteration 5.
Starting action Action.
Action.c(3): web_url("login.pl") started  	[MsgId: MMSG-26355]
Action.c(3): Found resource "http://localhost:1080/WebTours/profileValidate.js" in HTML "http://localhost:1080/cgi-bin/login.pl?username=&password=&getInfo=true"  	[MsgId: MMSG-26659]
Action.c(3): Found resource "http://localhost:1080/WebTours/images/button_next.gif" in HTML "http://localhost:1080/cgi-bin/login.pl?username=&password=&getInfo=true"  	[MsgId: MMSG-26659]
Action.c(3): web_url("login.pl") was successful, 14475 body bytes, 841 header bytes, 12 chunking overhead bytes  	[MsgId: MMSG-26385]
Action.c(12): web_submit_data("login.pl_2") started  	[MsgId: MMSG-26355]
Action.c(12): Resource "http://localhost:1080/WebTours/profileValidate.js" is in the cache already and will not be downloaded again  	[MsgId: MMSG-26655]
Action.c(12): Resource "http://localhost:1080/WebTours/images/button_next.gif" is in the cache already and will not be downloaded again  	[MsgId: MMSG-26655]
Action.c(12): web_submit_data("login.pl_2") was successful, 2667 body bytes, 228 header bytes, 12 chunking overhead bytes  	[MsgId: MMSG-26385]
Ending action Action.
Ending iteration 5.
Starting iteration 6.
Starting action Action.
Action.c(3): web_url("login.pl") started  	[MsgId: MMSG-26355]
Action.c(3): Found resource "http://localhost:1080/WebTours/profileValidate.js" in HTML "http://localhost:1080/cgi-bin/login.pl?username=&password=&getInfo=true"  	[MsgId: MMSG-26659]
Action.c(3): Found resource "http://localhost:1080/WebTours/images/button_next.gif" in HTML "http://localhost:1080/cgi-bin/login.pl?username=&password=&getInfo=true"  	[MsgId: MMSG-26659]
Action.c(3): web_url("login.pl") was successful, 14475 body bytes, 841 header bytes, 12 chunking overhead bytes  	[MsgId: MMSG-26385]
Action.c(12): web_submit_data("login.pl_2") started  	[MsgId: MMSG-26355]
Action.c(12): Resource "http://localhost:1080/WebTours/profileValidate.js" is in the cache already and will not be downloaded again  	[MsgId: MMSG-26655]
Action.c(12): Resource "http://localhost:1080/WebTours/images/button_next.gif" is in the cache already and will not be downloaded again  	[MsgId: MMSG-26655]
Action.c(12): web_submit_data("login.pl_2") was successful, 2667 body bytes, 228 header bytes, 12 chunking overhead bytes  	[MsgId: MMSG-26385]
Ending action Action.
Ending iteration 6.
Starting iteration 7.
Starting action Action.
Action.c(3): web_url("login.pl") started  	[MsgId: MMSG-26355]
Action.c(3): Found resource "http://localhost:1080/WebTours/profileValidate.js" in HTML "http://localhost:1080/cgi-bin/login.pl?username=&password=&getInfo=true"  	[MsgId: MMSG-26659]
Action.c(3): Found resource "http://localhost:1080/WebTours/images/button_next.gif" in HTML "http://localhost:1080/cgi-bin/login.pl?username=&password=&getInfo=true"  	[MsgId: MMSG-26659]
Action.c(3): web_url("login.pl") was successful, 14475 body bytes, 841 header bytes, 12 chunking overhead bytes  	[MsgId: MMSG-26385]
Action.c(12): web_submit_data("login.pl_2") started  	[MsgId: MMSG-26355]
Action.c(12): Resource "http://localhost:1080/WebTours/profileValidate.js" is in the cache already and will not be downloaded again  	[MsgId: MMSG-26655]
Action.c(12): Resource "http://localhost:1080/WebTours/images/button_next.gif" is in the cache already and will not be downloaded again  	[MsgId: MMSG-26655]
Action.c(12): web_submit_data("login.pl_2") was successful, 2667 body bytes, 228 header bytes, 12 chunking overhead bytes  	[MsgId: MMSG-26385]
Ending action Action.
Ending iteration 7.
Starting iteration 8.
Starting action Action.
Action.c(3): web_url("login.pl") started  	[MsgId: MMSG-26355]
Action.c(3): Found resource "http://localhost:1080/WebTours/profileValidate.js" in HTML "http://localhost:1080/cgi-bin/login.pl?username=&password=&getInfo=true"  	[MsgId: MMSG-26659]
Action.c(3): Found resource "http://localhost:1080/WebTours/images/button_next.gif" in HTML "http://localhost:1080/cgi-bin/login.pl?username=&password=&getInfo=true"  	[MsgId: MMSG-26659]
Action.c(3): web_url("login.pl") was successful, 14475 body bytes, 841 header bytes, 12 chunking overhead bytes  	[MsgId: MMSG-26385]
Action.c(12): web_submit_data("login.pl_2") started  	[MsgId: MMSG-26355]
Action.c(12): Resource "http://localhost:1080/WebTours/profileValidate.js" is in the cache already and will not be downloaded again  	[MsgId: MMSG-26655]
Action.c(12): Resource "http://localhost:1080/WebTours/images/button_next.gif" is in the cache already and will not be downloaded again  	[MsgId: MMSG-26655]
Action.c(12): web_submit_data("login.pl_2") was successful, 2667 body bytes, 228 header bytes, 12 chunking overhead bytes  	[MsgId: MMSG-26385]
Ending action Action.
Ending iteration 8.
Starting iteration 9.
Starting action Action.
Action.c(3): web_url("login.pl") started  	[MsgId: MMSG-26355]
Action.c(3): Found resource "http://localhost:1080/WebTours/profileValidate.js" in HTML "http://localhost:1080/cgi-bin/login.pl?username=&password=&getInfo=true"  	[MsgId: MMSG-26659]
Action.c(3): Found resource "http://localhost:1080/WebTours/images/button_next.gif" in HTML "http://localhost:1080/cgi-bin/login.pl?username=&password=&getInfo=true"  	[MsgId: MMSG-26659]
Action.c(3): web_url("login.pl") was successful, 14475 body bytes, 841 header bytes, 12 chunking overhead bytes  	[MsgId: MMSG-26385]
Action.c(12): web_submit_data("login.pl_2") started  	[MsgId: MMSG-26355]
Action.c(12): Resource "http://localhost:1080/WebTours/profileValidate.js" is in the cache already and will not be downloaded again  	[MsgId: MMSG-26655]
Action.c(12): Resource "http://localhost:1080/WebTours/images/button_next.gif" is in the cache already and will not be downloaded again  	[MsgId: MMSG-26655]
Action.c(12): web_submit_data("login.pl_2") was successful, 2667 body bytes, 228 header bytes, 12 chunking overhead bytes  	[MsgId: MMSG-26385]
Ending action Action.
Ending iteration 9.
Starting iteration 10.
Starting action Action.
Action.c(3): web_url("login.pl") started  	[MsgId: MMSG-26355]
Action.c(3): Found resource "http://localhost:1080/WebTours/profileValidate.js" in HTML "http://localhost:1080/cgi-bin/login.pl?username=&password=&getInfo=true"  	[MsgId: MMSG-26659]
Action.c(3): Found resource "http://localhost:1080/WebTours/images/button_next.gif" in HTML "http://localhost:1080/cgi-bin/login.pl?username=&password=&getInfo=true"  	[MsgId: MMSG-26659]
Action.c(3): web_url("login.pl") was successful, 14475 body bytes, 841 header bytes, 12 chunking overhead bytes  	[MsgId: MMSG-26385]
Action.c(12): web_submit_data("login.pl_2") started  	[MsgId: MMSG-26355]
Action.c(12): Resource "http://localhost:1080/WebTours/profileValidate.js" is in the cache already and will not be downloaded again  	[MsgId: MMSG-26655]
Action.c(12): Resource "http://localhost:1080/WebTours/images/button_next.gif" is in the cache already and will not be downloaded again  	[MsgId: MMSG-26655]
Action.c(12): web_submit_data("login.pl_2") was successful, 2667 body bytes, 228 header bytes, 12 chunking overhead bytes  	[MsgId: MMSG-26385]
Ending action Action.
Ending iteration 10.
Starting iteration 11.
Starting action Action.
Action.c(3): web_url("login.pl") started  	[MsgId: MMSG-26355]
Action.c(3): Found resource "http://localhost:1080/WebTours/profileValidate.js" in HTML "http://localhost:1080/cgi-bin/login.pl?username=&password=&getInfo=true"  	[MsgId: MMSG-26659]
Action.c(3): Found resource "http://localhost:1080/WebTours/images/button_next.gif" in HTML "http://localhost:1080/cgi-bin/login.pl?username=&password=&getInfo=true"  	[MsgId: MMSG-26659]
Action.c(3): web_url("login.pl") was successful, 14475 body bytes, 841 header bytes, 12 chunking overhead bytes  	[MsgId: MMSG-26385]
Action.c(12): web_submit_data("login.pl_2") started  	[MsgId: MMSG-26355]
Action.c(12): Resource "http://localhost:1080/WebTours/profileValidate.js" is in the cache already and will not be downloaded again  	[MsgId: MMSG-26655]
Action.c(12): Resource "http://localhost:1080/WebTours/images/button_next.gif" is in the cache already and will not be downloaded again  	[MsgId: MMSG-26655]
Action.c(12): web_submit_data("login.pl_2") was successful, 2670 body bytes, 228 header bytes, 12 chunking overhead bytes  	[MsgId: MMSG-26385]
Ending action Action.
Ending iteration 11.
Starting iteration 12.
Starting action Action.
Action.c(3): web_url("login.pl") started  	[MsgId: MMSG-26355]
Action.c(3): Found resource "http://localhost:1080/WebTours/profileValidate.js" in HTML "http://localhost:1080/cgi-bin/login.pl?username=&password=&getInfo=true"  	[MsgId: MMSG-26659]
Action.c(3): Found resource "http://localhost:1080/WebTours/images/button_next.gif" in HTML "http://localhost:1080/cgi-bin/login.pl?username=&password=&getInfo=true"  	[MsgId: MMSG-26659]
Action.c(3): web_url("login.pl") was successful, 14475 body bytes, 841 header bytes, 12 chunking overhead bytes  	[MsgId: MMSG-26385]
Action.c(12): web_submit_data("login.pl_2") started  	[MsgId: MMSG-26355]
Action.c(12): Resource "http://localhost:1080/WebTours/profileValidate.js" is in the cache already and will not be downloaded again  	[MsgId: MMSG-26655]
Action.c(12): Resource "http://localhost:1080/WebTours/images/button_next.gif" is in the cache already and will not be downloaded again  	[MsgId: MMSG-26655]
Action.c(12): web_submit_data("login.pl_2") was successful, 2670 body bytes, 228 header bytes, 12 chunking overhead bytes  	[MsgId: MMSG-26385]
Ending action Action.
Ending iteration 12.
Starting iteration 13.
Starting action Action.
Action.c(3): web_url("login.pl") started  	[MsgId: MMSG-26355]
Action.c(3): Found resource "http://localhost:1080/WebTours/profileValidate.js" in HTML "http://localhost:1080/cgi-bin/login.pl?username=&password=&getInfo=true"  	[MsgId: MMSG-26659]
Action.c(3): Found resource "http://localhost:1080/WebTours/images/button_next.gif" in HTML "http://localhost:1080/cgi-bin/login.pl?username=&password=&getInfo=true"  	[MsgId: MMSG-26659]
Action.c(3): web_url("login.pl") was successful, 14475 body bytes, 841 header bytes, 12 chunking overhead bytes  	[MsgId: MMSG-26385]
Action.c(12): web_submit_data("login.pl_2") started  	[MsgId: MMSG-26355]
Action.c(12): Resource "http://localhost:1080/WebTours/profileValidate.js" is in the cache already and will not be downloaded again  	[MsgId: MMSG-26655]
Action.c(12): Resource "http://localhost:1080/WebTours/images/button_next.gif" is in the cache already and will not be downloaded again  	[MsgId: MMSG-26655]
Action.c(12): web_submit_data("login.pl_2") was successful, 2670 body bytes, 228 header bytes, 12 chunking overhead bytes  	[MsgId: MMSG-26385]
Ending action Action.
Ending iteration 13.
Starting iteration 14.
Starting action Action.
Action.c(3): web_url("login.pl") started  	[MsgId: MMSG-26355]
Action.c(3): Found resource "http://localhost:1080/WebTours/profileValidate.js" in HTML "http://localhost:1080/cgi-bin/login.pl?username=&password=&getInfo=true"  	[MsgId: MMSG-26659]
Action.c(3): Found resource "http://localhost:1080/WebTours/images/button_next.gif" in HTML "http://localhost:1080/cgi-bin/login.pl?username=&password=&getInfo=true"  	[MsgId: MMSG-26659]
Action.c(3): web_url("login.pl") was successful, 14475 body bytes, 841 header bytes, 12 chunking overhead bytes  	[MsgId: MMSG-26385]
Action.c(12): web_submit_data("login.pl_2") started  	[MsgId: MMSG-26355]
Action.c(12): Resource "http://localhost:1080/WebTours/profileValidate.js" is in the cache already and will not be downloaded again  	[MsgId: MMSG-26655]
Action.c(12): Resource "http://localhost:1080/WebTours/images/button_next.gif" is in the cache already and will not be downloaded again  	[MsgId: MMSG-26655]
Action.c(12): web_submit_data("login.pl_2") was successful, 2670 body bytes, 228 header bytes, 12 chunking overhead bytes  	[MsgId: MMSG-26385]
Ending action Action.
Ending iteration 14.
Starting iteration 15.
Starting action Action.
Action.c(3): web_url("login.pl") started  	[MsgId: MMSG-26355]
Action.c(3): Found resource "http://localhost:1080/WebTours/profileValidate.js" in HTML "http://localhost:1080/cgi-bin/login.pl?username=&password=&getInfo=true"  	[MsgId: MMSG-26659]
Action.c(3): Found resource "http://localhost:1080/WebTours/images/button_next.gif" in HTML "http://localhost:1080/cgi-bin/login.pl?username=&password=&getInfo=true"  	[MsgId: MMSG-26659]
Action.c(3): web_url("login.pl") was successful, 14475 body bytes, 841 header bytes, 12 chunking overhead bytes  	[MsgId: MMSG-26385]
Action.c(12): web_submit_data("login.pl_2") started  	[MsgId: MMSG-26355]
Action.c(12): Resource "http://localhost:1080/WebTours/profileValidate.js" is in the cache already and will not be downloaded again  	[MsgId: MMSG-26655]
Action.c(12): Resource "http://localhost:1080/WebTours/images/button_next.gif" is in the cache already and will not be downloaded again  	[MsgId: MMSG-26655]
Action.c(12): web_submit_data("login.pl_2") was successful, 2670 body bytes, 228 header bytes, 12 chunking overhead bytes  	[MsgId: MMSG-26385]
Ending action Action.
Ending iteration 15.
Starting iteration 16.
Starting action Action.
Action.c(3): web_url("login.pl") started  	[MsgId: MMSG-26355]
Action.c(3): Found resource "http://localhost:1080/WebTours/profileValidate.js" in HTML "http://localhost:1080/cgi-bin/login.pl?username=&password=&getInfo=true"  	[MsgId: MMSG-26659]
Action.c(3): Found resource "http://localhost:1080/WebTours/images/button_next.gif" in HTML "http://localhost:1080/cgi-bin/login.pl?username=&password=&getInfo=true"  	[MsgId: MMSG-26659]
Action.c(3): web_url("login.pl") was successful, 14475 body bytes, 841 header bytes, 12 chunking overhead bytes  	[MsgId: MMSG-26385]
Action.c(12): web_submit_data("login.pl_2") started  	[MsgId: MMSG-26355]
Action.c(12): Resource "http://localhost:1080/WebTours/profileValidate.js" is in the cache already and will not be downloaded again  	[MsgId: MMSG-26655]
Action.c(12): Resource "http://localhost:1080/WebTours/images/button_next.gif" is in the cache already and will not be downloaded again  	[MsgId: MMSG-26655]
Action.c(12): web_submit_data("login.pl_2") was successful, 2670 body bytes, 228 header bytes, 12 chunking overhead bytes  	[MsgId: MMSG-26385]
Ending action Action.
Ending iteration 16.
Starting iteration 17.
Starting action Action.
Action.c(3): web_url("login.pl") started  	[MsgId: MMSG-26355]
Action.c(3): Found resource "http://localhost:1080/WebTours/profileValidate.js" in HTML "http://localhost:1080/cgi-bin/login.pl?username=&password=&getInfo=true"  	[MsgId: MMSG-26659]
Action.c(3): Found resource "http://localhost:1080/WebTours/images/button_next.gif" in HTML "http://localhost:1080/cgi-bin/login.pl?username=&password=&getInfo=true"  	[MsgId: MMSG-26659]
Action.c(3): web_url("login.pl") was successful, 14475 body bytes, 841 header bytes, 12 chunking overhead bytes  	[MsgId: MMSG-26385]
Action.c(12): web_submit_data("login.pl_2") started  	[MsgId: MMSG-26355]
Action.c(12): Resource "http://localhost:1080/WebTours/profileValidate.js" is in the cache already and will not be downloaded again  	[MsgId: MMSG-26655]
Action.c(12): Resource "http://localhost:1080/WebTours/images/button_next.gif" is in the cache already and will not be downloaded again  	[MsgId: MMSG-26655]
Action.c(12): web_submit_data("login.pl_2") was successful, 2670 body bytes, 228 header bytes, 12 chunking overhead bytes  	[MsgId: MMSG-26385]
Ending action Action.
Ending iteration 17.
Starting iteration 18.
Starting action Action.
Action.c(3): web_url("login.pl") started  	[MsgId: MMSG-26355]
Action.c(3): Found resource "http://localhost:1080/WebTours/profileValidate.js" in HTML "http://localhost:1080/cgi-bin/login.pl?username=&password=&getInfo=true"  	[MsgId: MMSG-26659]
Action.c(3): Found resource "http://localhost:1080/WebTours/images/button_next.gif" in HTML "http://localhost:1080/cgi-bin/login.pl?username=&password=&getInfo=true"  	[MsgId: MMSG-26659]
Action.c(3): web_url("login.pl") was successful, 14475 body bytes, 841 header bytes, 12 chunking overhead bytes  	[MsgId: MMSG-26385]
Action.c(12): web_submit_data("login.pl_2") started  	[MsgId: MMSG-26355]
Action.c(12): Resource "http://localhost:1080/WebTours/profileValidate.js" is in the cache already and will not be downloaded again  	[MsgId: MMSG-26655]
Action.c(12): Resource "http://localhost:1080/WebTours/images/button_next.gif" is in the cache already and will not be downloaded again  	[MsgId: MMSG-26655]
Action.c(12): web_submit_data("login.pl_2") was successful, 2670 body bytes, 228 header bytes, 12 chunking overhead bytes  	[MsgId: MMSG-26385]
Ending action Action.
Ending iteration 18.
Starting iteration 19.
Starting action Action.
Action.c(3): web_url("login.pl") started  	[MsgId: MMSG-26355]
Action.c(3): Found resource "http://localhost:1080/WebTours/profileValidate.js" in HTML "http://localhost:1080/cgi-bin/login.pl?username=&password=&getInfo=true"  	[MsgId: MMSG-26659]
Action.c(3): Found resource "http://localhost:1080/WebTours/images/button_next.gif" in HTML "http://localhost:1080/cgi-bin/login.pl?username=&password=&getInfo=true"  	[MsgId: MMSG-26659]
Action.c(3): web_url("login.pl") was successful, 14475 body bytes, 841 header bytes, 12 chunking overhead bytes  	[MsgId: MMSG-26385]
Action.c(12): web_submit_data("login.pl_2") started  	[MsgId: MMSG-26355]
Action.c(12): Resource "http://localhost:1080/WebTours/profileValidate.js" is in the cache already and will not be downloaded again  	[MsgId: MMSG-26655]
Action.c(12): Resource "http://localhost:1080/WebTours/images/button_next.gif" is in the cache already and will not be downloaded again  	[MsgId: MMSG-26655]
Action.c(12): web_submit_data("login.pl_2") was successful, 2670 body bytes, 228 header bytes, 12 chunking overhead bytes  	[MsgId: MMSG-26385]
Ending action Action.
Ending iteration 19.
Starting iteration 20.
Starting action Action.
Action.c(3): web_url("login.pl") started  	[MsgId: MMSG-26355]
Action.c(3): Found resource "http://localhost:1080/WebTours/profileValidate.js" in HTML "http://localhost:1080/cgi-bin/login.pl?username=&password=&getInfo=true"  	[MsgId: MMSG-26659]
Action.c(3): Found resource "http://localhost:1080/WebTours/images/button_next.gif" in HTML "http://localhost:1080/cgi-bin/login.pl?username=&password=&getInfo=true"  	[MsgId: MMSG-26659]
Action.c(3): web_url("login.pl") was successful, 14475 body bytes, 841 header bytes, 12 chunking overhead bytes  	[MsgId: MMSG-26385]
Action.c(12): web_submit_data("login.pl_2") started  	[MsgId: MMSG-26355]
Action.c(12): Resource "http://localhost:1080/WebTours/profileValidate.js" is in the cache already and will not be downloaded again  	[MsgId: MMSG-26655]
Action.c(12): Resource "http://localhost:1080/WebTours/images/button_next.gif" is in the cache already and will not be downloaded again  	[MsgId: MMSG-26655]
Action.c(12): web_submit_data("login.pl_2") was successful, 2670 body bytes, 228 header bytes, 12 chunking overhead bytes  	[MsgId: MMSG-26385]
Ending action Action.
Ending iteration 20.
Starting iteration 21.
Starting action Action.
Action.c(3): web_url("login.pl") started  	[MsgId: MMSG-26355]
Action.c(3): Found resource "http://localhost:1080/WebTours/profileValidate.js" in HTML "http://localhost:1080/cgi-bin/login.pl?username=&password=&getInfo=true"  	[MsgId: MMSG-26659]
Action.c(3): Found resource "http://localhost:1080/WebTours/images/button_next.gif" in HTML "http://localhost:1080/cgi-bin/login.pl?username=&password=&getInfo=true"  	[MsgId: MMSG-26659]
Action.c(3): web_url("login.pl") was successful, 14475 body bytes, 841 header bytes, 12 chunking overhead bytes  	[MsgId: MMSG-26385]
Action.c(12): web_submit_data("login.pl_2") started  	[MsgId: MMSG-26355]
Action.c(12): Resource "http://localhost:1080/WebTours/profileValidate.js" is in the cache already and will not be downloaded again  	[MsgId: MMSG-26655]
Action.c(12): Resource "http://localhost:1080/WebTours/images/button_next.gif" is in the cache already and will not be downloaded again  	[MsgId: MMSG-26655]
Action.c(12): web_submit_data("login.pl_2") was successful, 2670 body bytes, 228 header bytes, 12 chunking overhead bytes  	[MsgId: MMSG-26385]
Ending action Action.
Ending iteration 21.
Ending Vuser...
Starting action vuser_end.
../../data/libs/logout.c(1): web_url("SignOff Button") started  	[MsgId: MMSG-26355]
../../data/libs/logout.c(1): Detected non-resource "http://localhost:1080/cgi-bin/nav.pl?in=home" in "http://localhost:1080/cgi-bin/welcome.pl?signOff=1"  	[MsgId: MMSG-26574]
../../data/libs/logout.c(1): Detected non-resource "http://localhost:1080/WebTours/home.html" in "http://localhost:1080/cgi-bin/welcome.pl?signOff=1"  	[MsgId: MMSG-26574]
../../data/libs/logout.c(1): Found resource "http://localhost:1080/WebTours/images/mer_login.gif" in HTML "http://localhost:1080/cgi-bin/nav.pl?in=home"  	[MsgId: MMSG-26659]
../../data/libs/logout.c(1): web_url("SignOff Button") was successful, 4214 body bytes, 1223 header bytes, 24 chunking overhead bytes  	[MsgId: MMSG-26385]
Ending action vuser_end.
Vuser Terminated.
